{
  "stats": {
    "suites": 1,
    "tests": 14,
    "passes": 14,
    "pending": 0,
    "failures": 0,
    "start": "2021-12-16T07:09:35.591Z",
    "end": "2021-12-16T07:10:01.093Z",
    "duration": 25502,
    "testsRegistered": 14,
    "passPercent": 100,
    "pendingPercent": 0,
    "other": 0,
    "hasOther": false,
    "skipped": 0,
    "hasSkipped": false
  },
  "results": [
    {
      "uuid": "07507dbb-c921-41fb-a999-cc9acc2a8de1",
      "title": "",
      "fullFile": "cypress/integration/react_shopping/react_shopping_app_tests.js",
      "file": "cypress/integration/react_shopping/react_shopping_app_tests.js",
      "beforeHooks": [],
      "afterHooks": [],
      "tests": [],
      "suites": [
        {
          "uuid": "f7a9ea3a-1dbe-4f54-8d2c-3327af01a690",
          "title": "Firebase app functionalities",
          "fullFile": "",
          "file": "",
          "beforeHooks": [],
          "afterHooks": [],
          "tests": [
            {
              "title": "test case to Open website",
              "fullTitle": "Firebase app functionalities test case to Open website",
              "timedOut": null,
              "duration": 3393,
              "state": "passed",
              "speed": "fast",
              "pass": true,
              "fail": false,
              "pending": false,
              "context": null,
              "code": "cy.visit(Cypress.env('url'));\ncy.wait('@get').its('response.statusCode').should('eq', 200);",
              "err": {},
              "uuid": "2933c951-c06e-46a2-885b-1154e3676a8e",
              "parentUUID": "f7a9ea3a-1dbe-4f54-8d2c-3327af01a690",
              "isHook": false,
              "skipped": false
            },
            {
              "title": "Functionality to filter by size XS",
              "fullTitle": "Firebase app functionalities Functionality to filter by size XS",
              "timedOut": null,
              "duration": 2151,
              "state": "passed",
              "speed": "fast",
              "pass": true,
              "fail": false,
              "pending": false,
              "context": null,
              "code": "sizeSort(size);",
              "err": {},
              "uuid": "672a74dd-06cc-4f0a-862e-105b9a3399be",
              "parentUUID": "f7a9ea3a-1dbe-4f54-8d2c-3327af01a690",
              "isHook": false,
              "skipped": false
            },
            {
              "title": "Functionality to filter by size S",
              "fullTitle": "Firebase app functionalities Functionality to filter by size S",
              "timedOut": null,
              "duration": 721,
              "state": "passed",
              "speed": "fast",
              "pass": true,
              "fail": false,
              "pending": false,
              "context": null,
              "code": "sizeSort(size);",
              "err": {},
              "uuid": "741dcd63-8415-492c-b715-d92c653f858c",
              "parentUUID": "f7a9ea3a-1dbe-4f54-8d2c-3327af01a690",
              "isHook": false,
              "skipped": false
            },
            {
              "title": "Functionality to filter by size M",
              "fullTitle": "Firebase app functionalities Functionality to filter by size M",
              "timedOut": null,
              "duration": 801,
              "state": "passed",
              "speed": "fast",
              "pass": true,
              "fail": false,
              "pending": false,
              "context": null,
              "code": "sizeSort(size);",
              "err": {},
              "uuid": "5a4038e4-ae47-4d83-b130-fe80dadd16a0",
              "parentUUID": "f7a9ea3a-1dbe-4f54-8d2c-3327af01a690",
              "isHook": false,
              "skipped": false
            },
            {
              "title": "Functionality to filter by size ML",
              "fullTitle": "Firebase app functionalities Functionality to filter by size ML",
              "timedOut": null,
              "duration": 1162,
              "state": "passed",
              "speed": "fast",
              "pass": true,
              "fail": false,
              "pending": false,
              "context": null,
              "code": "sizeSort(size);",
              "err": {},
              "uuid": "ea605873-20aa-4e53-8176-9fc398831b5b",
              "parentUUID": "f7a9ea3a-1dbe-4f54-8d2c-3327af01a690",
              "isHook": false,
              "skipped": false
            },
            {
              "title": "Functionality to filter by size L",
              "fullTitle": "Firebase app functionalities Functionality to filter by size L",
              "timedOut": null,
              "duration": 864,
              "state": "passed",
              "speed": "fast",
              "pass": true,
              "fail": false,
              "pending": false,
              "context": null,
              "code": "sizeSort(size);",
              "err": {},
              "uuid": "3cd41645-b246-4427-9ce9-eaa45f71a07a",
              "parentUUID": "f7a9ea3a-1dbe-4f54-8d2c-3327af01a690",
              "isHook": false,
              "skipped": false
            },
            {
              "title": "Functionality to filter by size XL",
              "fullTitle": "Firebase app functionalities Functionality to filter by size XL",
              "timedOut": null,
              "duration": 716,
              "state": "passed",
              "speed": "fast",
              "pass": true,
              "fail": false,
              "pending": false,
              "context": null,
              "code": "sizeSort(size);",
              "err": {},
              "uuid": "f92e812a-02a7-4412-b2f4-69d29400be80",
              "parentUUID": "f7a9ea3a-1dbe-4f54-8d2c-3327af01a690",
              "isHook": false,
              "skipped": false
            },
            {
              "title": "Functionality to filter by size XXL",
              "fullTitle": "Firebase app functionalities Functionality to filter by size XXL",
              "timedOut": null,
              "duration": 632,
              "state": "passed",
              "speed": "fast",
              "pass": true,
              "fail": false,
              "pending": false,
              "context": null,
              "code": "sizeSort(size);",
              "err": {},
              "uuid": "ecec29a8-232d-4533-b896-d28719c4a709",
              "parentUUID": "f7a9ea3a-1dbe-4f54-8d2c-3327af01a690",
              "isHook": false,
              "skipped": false
            },
            {
              "title": "Functionality to select order by of products",
              "fullTitle": "Firebase app functionalities Functionality to select order by of products",
              "timedOut": null,
              "duration": 716,
              "state": "passed",
              "speed": "fast",
              "pass": true,
              "fail": false,
              "pending": false,
              "context": null,
              "code": "cy.get('select').select(self.data.orderby).should('be.visible');\ncy.wait('@get').its('response.statusCode').should('eq', 200);",
              "err": {},
              "uuid": "57fe4549-d950-4f0f-8d20-c5112130eb15",
              "parentUUID": "f7a9ea3a-1dbe-4f54-8d2c-3327af01a690",
              "isHook": false,
              "skipped": false
            },
            {
              "title": "Functionality to select products which has Free Shipping label",
              "fullTitle": "Firebase app functionalities Functionality to select products which has Free Shipping label",
              "timedOut": null,
              "duration": 5540,
              "state": "passed",
              "speed": "medium",
              "pass": true,
              "fail": false,
              "pending": false,
              "context": null,
              "code": "//let lenthOfProd = 0;\ncy.get('.shelf-item').then($products => {\n  cy.log($products.length); // lenthOfProd = $products.length\n  //let randomVal = Math.floor(Math.random() * lenthOfProd)\n  cy.get($products).find('.shelf-stopper').each($el => {\n    cy.get($el).click(); //adding to cart\n    cy.get('.float-cart__close-btn').click(); //closing cart window\n  }); ////////////////////////////////////////////////////           \n  //count on opened Cart\n  /* let prodCount =  $products.length// free shipping count on main page\n   let cartLength = cy.get('.bag--float-cart-closed > .bag__quantity')\n       //let cartCount = cartLength.length\n       //expect(prodCount).to.equal(cartLength)\n  \n    */\n});",
              "err": {},
              "uuid": "3034f09d-f8ef-42a8-9034-a6b5554a699f",
              "parentUUID": "f7a9ea3a-1dbe-4f54-8d2c-3327af01a690",
              "isHook": false,
              "skipped": false
            },
            {
              "title": "Functionality to increase quantity of products",
              "fullTitle": "Firebase app functionalities Functionality to increase quantity of products",
              "timedOut": null,
              "duration": 2565,
              "state": "passed",
              "speed": "fast",
              "pass": true,
              "fail": false,
              "pending": false,
              "context": null,
              "code": "cy.get('.bag--float-cart-closed').click();\ncy.get('.float-cart__content > .float-cart__shelf-container').find('.shelf-item').each($el => {\n  cy.get($el).find('.shelf-item__price').contains('+').click();\n});",
              "err": {},
              "uuid": "b9f72cc8-15d2-4acb-a9f8-87d83dacfcb3",
              "parentUUID": "f7a9ea3a-1dbe-4f54-8d2c-3327af01a690",
              "isHook": false,
              "skipped": false
            },
            {
              "title": "Functionality to decrease quantity of products",
              "fullTitle": "Firebase app functionalities Functionality to decrease quantity of products",
              "timedOut": null,
              "duration": 2198,
              "state": "passed",
              "speed": "fast",
              "pass": true,
              "fail": false,
              "pending": false,
              "context": null,
              "code": "cy.get('.float-cart__content > .float-cart__shelf-container').find('.shelf-item').each($el => {\n  cy.get($el).find('.shelf-item__price').contains('-').click();\n});",
              "err": {},
              "uuid": "bb08a525-de7e-4e6e-8336-6361fb22a42d",
              "parentUUID": "f7a9ea3a-1dbe-4f54-8d2c-3327af01a690",
              "isHook": false,
              "skipped": false
            },
            {
              "title": "Functionality to remove product from cart",
              "fullTitle": "Firebase app functionalities Functionality to remove product from cart",
              "timedOut": null,
              "duration": 308,
              "state": "passed",
              "speed": "fast",
              "pass": true,
              "fail": false,
              "pending": false,
              "context": null,
              "code": "cy.get('.float-cart__shelf-container > .shelf-item > .shelf-item__del').should('be.visible').eq(0).click();",
              "err": {},
              "uuid": "38d041bf-fa93-43e9-88b8-0e3a6745b695",
              "parentUUID": "f7a9ea3a-1dbe-4f54-8d2c-3327af01a690",
              "isHook": false,
              "skipped": false
            },
            {
              "title": "Functionality to sum all the products which are in cart and compare with SubTotoal",
              "fullTitle": "Firebase app functionalities Functionality to sum all the products which are in cart and compare with SubTotoal",
              "timedOut": null,
              "duration": 171,
              "state": "passed",
              "speed": "fast",
              "pass": true,
              "fail": false,
              "pending": false,
              "context": null,
              "code": "let sum = 0;\nlet subTotal = 0;\ncy.get('.shelf-item > .shelf-item__price > p').each($el => {\n  const amount = $el.text();\n  cy.log(amount);\n  let amountNumber = amount.split(\" \");\n  cy.log(amountNumber);\n  amountNumber = amountNumber[2].trim();\n  cy.log(amountNumber);\n  sum = Number(sum) + Number(amountNumber);\n}).then(() => {\n  cy.log(sum);\n});\ncy.get('.float-cart__footer > .sub-price > p').then($totalAmount => {\n  const ttl = $totalAmount.text();\n  cy.log(ttl);\n  let total = ttl.split(\" \");\n  cy.log(total);\n  total = total[1].trim();\n  cy.log(total);\n  subTotal = Number(total);\n}).then(() => {\n  cy.log(subTotal);\n  expect(sum).to.equal(subTotal);\n});",
              "err": {},
              "uuid": "38ba4b4a-b3b3-4a94-81ca-5208d43bf4f8",
              "parentUUID": "f7a9ea3a-1dbe-4f54-8d2c-3327af01a690",
              "isHook": false,
              "skipped": false
            }
          ],
          "suites": [],
          "passes": [
            "2933c951-c06e-46a2-885b-1154e3676a8e",
            "672a74dd-06cc-4f0a-862e-105b9a3399be",
            "741dcd63-8415-492c-b715-d92c653f858c",
            "5a4038e4-ae47-4d83-b130-fe80dadd16a0",
            "ea605873-20aa-4e53-8176-9fc398831b5b",
            "3cd41645-b246-4427-9ce9-eaa45f71a07a",
            "f92e812a-02a7-4412-b2f4-69d29400be80",
            "ecec29a8-232d-4533-b896-d28719c4a709",
            "57fe4549-d950-4f0f-8d20-c5112130eb15",
            "3034f09d-f8ef-42a8-9034-a6b5554a699f",
            "b9f72cc8-15d2-4acb-a9f8-87d83dacfcb3",
            "bb08a525-de7e-4e6e-8336-6361fb22a42d",
            "38d041bf-fa93-43e9-88b8-0e3a6745b695",
            "38ba4b4a-b3b3-4a94-81ca-5208d43bf4f8"
          ],
          "failures": [],
          "pending": [],
          "skipped": [],
          "duration": 21938,
          "root": false,
          "rootEmpty": false,
          "_timeout": 2000
        }
      ],
      "passes": [],
      "failures": [],
      "pending": [],
      "skipped": [],
      "duration": 0,
      "root": true,
      "rootEmpty": true,
      "_timeout": 2000
    }
  ],
  "meta": {
    "mocha": {
      "version": "7.0.1"
    },
    "mochawesome": {
      "options": {
        "quiet": false,
        "reportFilename": "mochawesome",
        "saveHtml": true,
        "saveJson": true,
        "consoleReporter": "spec",
        "useInlineDiffs": false,
        "code": true
      },
      "version": "7.0.1"
    },
    "marge": {
      "options": null,
      "version": "6.0.1"
    }
  }
}