{
  "stats": {
    "suites": 1,
    "tests": 15,
    "passes": 15,
    "pending": 0,
    "failures": 0,
    "start": "2021-12-17T10:23:43.714Z",
    "end": "2021-12-17T10:24:06.108Z",
    "duration": 22394,
    "testsRegistered": 15,
    "passPercent": 100,
    "pendingPercent": 0,
    "other": 0,
    "hasOther": false,
    "skipped": 0,
    "hasSkipped": false
  },
  "results": [
    {
      "uuid": "a5d05f7f-5e71-4fb2-bc1e-3ddbd3859a65",
      "title": "",
      "fullFile": "cypress/integration/react_shopping/react_shopping_app_tests.js",
      "file": "cypress/integration/react_shopping/react_shopping_app_tests.js",
      "beforeHooks": [],
      "afterHooks": [],
      "tests": [],
      "suites": [
        {
          "uuid": "ceb3eea3-fc36-4066-9206-9640ab4cf0f5",
          "title": "React shopping app functionalities",
          "fullFile": "",
          "file": "",
          "beforeHooks": [],
          "afterHooks": [],
          "tests": [
            {
              "title": "Test case to open website",
              "fullTitle": "React shopping app functionalities Test case to open website",
              "timedOut": null,
              "duration": 3184,
              "state": "passed",
              "speed": "fast",
              "pass": true,
              "fail": false,
              "pending": false,
              "context": null,
              "code": "cy.visit(Cypress.env('url'));\ncy.wait('@get').its('response.statusCode').should('eq', 200);",
              "err": {},
              "uuid": "1f22c7da-a320-44f9-8ff9-21ea59514a91",
              "parentUUID": "ceb3eea3-fc36-4066-9206-9640ab4cf0f5",
              "isHook": false,
              "skipped": false
            },
            {
              "title": "Functionality to filter by size XS",
              "fullTitle": "React shopping app functionalities Functionality to filter by size XS",
              "timedOut": null,
              "duration": 1277,
              "state": "passed",
              "speed": "fast",
              "pass": true,
              "fail": false,
              "pending": false,
              "context": null,
              "code": "sizeSort(size);",
              "err": {},
              "uuid": "51200b11-f13c-4045-a619-425c58ca0d49",
              "parentUUID": "ceb3eea3-fc36-4066-9206-9640ab4cf0f5",
              "isHook": false,
              "skipped": false
            },
            {
              "title": "Functionality to filter by size S",
              "fullTitle": "React shopping app functionalities Functionality to filter by size S",
              "timedOut": null,
              "duration": 843,
              "state": "passed",
              "speed": "fast",
              "pass": true,
              "fail": false,
              "pending": false,
              "context": null,
              "code": "sizeSort(size);",
              "err": {},
              "uuid": "2b129b7f-4bd3-4c66-bb86-fb4c59245555",
              "parentUUID": "ceb3eea3-fc36-4066-9206-9640ab4cf0f5",
              "isHook": false,
              "skipped": false
            },
            {
              "title": "Functionality to filter by size M",
              "fullTitle": "React shopping app functionalities Functionality to filter by size M",
              "timedOut": null,
              "duration": 675,
              "state": "passed",
              "speed": "fast",
              "pass": true,
              "fail": false,
              "pending": false,
              "context": null,
              "code": "sizeSort(size);",
              "err": {},
              "uuid": "236d236c-2333-4902-8e37-fd7b4a7511e0",
              "parentUUID": "ceb3eea3-fc36-4066-9206-9640ab4cf0f5",
              "isHook": false,
              "skipped": false
            },
            {
              "title": "Functionality to filter by size ML",
              "fullTitle": "React shopping app functionalities Functionality to filter by size ML",
              "timedOut": null,
              "duration": 614,
              "state": "passed",
              "speed": "fast",
              "pass": true,
              "fail": false,
              "pending": false,
              "context": null,
              "code": "sizeSort(size);",
              "err": {},
              "uuid": "54492c6a-c881-4b7a-9f69-28a0065079da",
              "parentUUID": "ceb3eea3-fc36-4066-9206-9640ab4cf0f5",
              "isHook": false,
              "skipped": false
            },
            {
              "title": "Functionality to filter by size L",
              "fullTitle": "React shopping app functionalities Functionality to filter by size L",
              "timedOut": null,
              "duration": 647,
              "state": "passed",
              "speed": "fast",
              "pass": true,
              "fail": false,
              "pending": false,
              "context": null,
              "code": "sizeSort(size);",
              "err": {},
              "uuid": "626cfd6e-43f4-42f9-93c6-95dec1ac568b",
              "parentUUID": "ceb3eea3-fc36-4066-9206-9640ab4cf0f5",
              "isHook": false,
              "skipped": false
            },
            {
              "title": "Functionality to filter by size XL",
              "fullTitle": "React shopping app functionalities Functionality to filter by size XL",
              "timedOut": null,
              "duration": 840,
              "state": "passed",
              "speed": "fast",
              "pass": true,
              "fail": false,
              "pending": false,
              "context": null,
              "code": "sizeSort(size);",
              "err": {},
              "uuid": "1755b61d-1094-4044-bbba-04004f3ec2fb",
              "parentUUID": "ceb3eea3-fc36-4066-9206-9640ab4cf0f5",
              "isHook": false,
              "skipped": false
            },
            {
              "title": "Functionality to filter by size XXL",
              "fullTitle": "React shopping app functionalities Functionality to filter by size XXL",
              "timedOut": null,
              "duration": 688,
              "state": "passed",
              "speed": "fast",
              "pass": true,
              "fail": false,
              "pending": false,
              "context": null,
              "code": "sizeSort(size);",
              "err": {},
              "uuid": "45fa13f8-fc90-434e-b371-05a2a9b5cf4b",
              "parentUUID": "ceb3eea3-fc36-4066-9206-9640ab4cf0f5",
              "isHook": false,
              "skipped": false
            },
            {
              "title": "Functionality to select order by of products",
              "fullTitle": "React shopping app functionalities Functionality to select order by of products",
              "timedOut": null,
              "duration": 703,
              "state": "passed",
              "speed": "fast",
              "pass": true,
              "fail": false,
              "pending": false,
              "context": null,
              "code": "cy.get('select').select(self.data.orderby).should('be.visible');\ncy.wait('@get').its('response.statusCode').should('eq', 200);",
              "err": {},
              "uuid": "95b09079-d4ba-44e0-8152-4d1fb8a608f5",
              "parentUUID": "ceb3eea3-fc36-4066-9206-9640ab4cf0f5",
              "isHook": false,
              "skipped": false
            },
            {
              "title": "Functionality to select products which has Free Shipping label",
              "fullTitle": "React shopping app functionalities Functionality to select products which has Free Shipping label",
              "timedOut": null,
              "duration": 3719,
              "state": "passed",
              "speed": "fast",
              "pass": true,
              "fail": false,
              "pending": false,
              "context": null,
              "code": "cy.get('.shelf-item').then($products => {\n  cy.log($products.length);\n  cy.get($products).find('.shelf-stopper').each($el => {\n    cy.get($el).click({\n      force: true\n    }).then(() => {\n      cy.get('.float-cart__close-btn').click();\n    });\n  });\n});",
              "err": {},
              "uuid": "ea317d8b-178c-461b-8329-9819da02f760",
              "parentUUID": "ceb3eea3-fc36-4066-9206-9640ab4cf0f5",
              "isHook": false,
              "skipped": false
            },
            {
              "title": "Fuctionality to compare proucts we have selected and products added to cart",
              "fullTitle": "React shopping app functionalities Fuctionality to compare proucts we have selected and products added to cart",
              "timedOut": null,
              "duration": 443,
              "state": "passed",
              "speed": "fast",
              "pass": true,
              "fail": false,
              "pending": false,
              "context": null,
              "code": "let productlenth;\nlet cartlength;\ncy.get('.shelf-item').find('.shelf-stopper').then($prodlenght => {\n  productlenth = $prodlenght.length;\n}).then(() => {\n  cy.log(productlenth);\n});\ncy.get('.float-cart > .bag--float-cart-closed').find('span').invoke('text').then($el => {\n  cartlength = Number($el);\n}).then(() => {\n  cy.log(cartlength);\n  expect(productlenth).to.equal(cartlength);\n});",
              "err": {},
              "uuid": "a806e646-88b4-4745-a31a-3f3ff6869a9f",
              "parentUUID": "ceb3eea3-fc36-4066-9206-9640ab4cf0f5",
              "isHook": false,
              "skipped": false
            },
            {
              "title": "Functionality to increase quantity of products",
              "fullTitle": "React shopping app functionalities Functionality to increase quantity of products",
              "timedOut": null,
              "duration": 2343,
              "state": "passed",
              "speed": "fast",
              "pass": true,
              "fail": false,
              "pending": false,
              "context": null,
              "code": "cy.get('.bag--float-cart-closed').click();\ncy.get('.float-cart__content > .float-cart__shelf-container').find('.shelf-item').each($el => {\n  cy.get($el).find('.shelf-item__price').contains('+').click();\n});",
              "err": {},
              "uuid": "cabdc1d1-04eb-42cd-9855-e523e5910a5c",
              "parentUUID": "ceb3eea3-fc36-4066-9206-9640ab4cf0f5",
              "isHook": false,
              "skipped": false
            },
            {
              "title": "Functionality to decrease quantity of products",
              "fullTitle": "React shopping app functionalities Functionality to decrease quantity of products",
              "timedOut": null,
              "duration": 2224,
              "state": "passed",
              "speed": "fast",
              "pass": true,
              "fail": false,
              "pending": false,
              "context": null,
              "code": "cy.get('.float-cart__content > .float-cart__shelf-container').find('.shelf-item').each($el => {\n  cy.get($el).find('.shelf-item__price').contains('-').click();\n});",
              "err": {},
              "uuid": "5c31068c-b860-4c8e-b469-c6904bdc8a1f",
              "parentUUID": "ceb3eea3-fc36-4066-9206-9640ab4cf0f5",
              "isHook": false,
              "skipped": false
            },
            {
              "title": "Functionality to remove product from cart",
              "fullTitle": "React shopping app functionalities Functionality to remove product from cart",
              "timedOut": null,
              "duration": 357,
              "state": "passed",
              "speed": "fast",
              "pass": true,
              "fail": false,
              "pending": false,
              "context": null,
              "code": "cy.get('.float-cart__shelf-container > .shelf-item > .shelf-item__del').should('be.visible').eq(0).click();",
              "err": {},
              "uuid": "7ed89e2c-ddec-480e-bb4e-ba2accef7c5b",
              "parentUUID": "ceb3eea3-fc36-4066-9206-9640ab4cf0f5",
              "isHook": false,
              "skipped": false
            },
            {
              "title": "Functionality to sum all the products which are in cart and compare with SubTotoal & checkout",
              "fullTitle": "React shopping app functionalities Functionality to sum all the products which are in cart and compare with SubTotoal & checkout",
              "timedOut": null,
              "duration": 471,
              "state": "passed",
              "speed": "fast",
              "pass": true,
              "fail": false,
              "pending": false,
              "context": null,
              "code": "let sum = 0;\nlet subTotal = 0;\ncy.get('.shelf-item > .shelf-item__price > p').each($el => {\n  const amount = $el.text();\n  cy.log(amount);\n  let amountNumber = amount.split(\" \");\n  cy.log(amountNumber);\n  amountNumber = amountNumber[2].trim();\n  cy.log(amountNumber);\n  sum = Number(sum) + Number(amountNumber);\n}).then(() => {\n  cy.log(sum);\n});\ncy.get('.float-cart__footer > .sub-price > p').then($totalAmount => {\n  const ttl = $totalAmount.text();\n  cy.log(ttl);\n  let total = ttl.split(\" \");\n  cy.log(total);\n  total = total[1].trim();\n  cy.log(total);\n  subTotal = Number(total);\n}).then(() => {\n  cy.log(subTotal);\n  expect(sum).to.equal(subTotal);\n});\ncy.contains('Checkout').click();",
              "err": {},
              "uuid": "172f5b05-a539-4ce3-a8c9-c78b99df9425",
              "parentUUID": "ceb3eea3-fc36-4066-9206-9640ab4cf0f5",
              "isHook": false,
              "skipped": false
            }
          ],
          "suites": [],
          "passes": [
            "1f22c7da-a320-44f9-8ff9-21ea59514a91",
            "51200b11-f13c-4045-a619-425c58ca0d49",
            "2b129b7f-4bd3-4c66-bb86-fb4c59245555",
            "236d236c-2333-4902-8e37-fd7b4a7511e0",
            "54492c6a-c881-4b7a-9f69-28a0065079da",
            "626cfd6e-43f4-42f9-93c6-95dec1ac568b",
            "1755b61d-1094-4044-bbba-04004f3ec2fb",
            "45fa13f8-fc90-434e-b371-05a2a9b5cf4b",
            "95b09079-d4ba-44e0-8152-4d1fb8a608f5",
            "ea317d8b-178c-461b-8329-9819da02f760",
            "a806e646-88b4-4745-a31a-3f3ff6869a9f",
            "cabdc1d1-04eb-42cd-9855-e523e5910a5c",
            "5c31068c-b860-4c8e-b469-c6904bdc8a1f",
            "7ed89e2c-ddec-480e-bb4e-ba2accef7c5b",
            "172f5b05-a539-4ce3-a8c9-c78b99df9425"
          ],
          "failures": [],
          "pending": [],
          "skipped": [],
          "duration": 19028,
          "root": false,
          "rootEmpty": false,
          "_timeout": 2000
        }
      ],
      "passes": [],
      "failures": [],
      "pending": [],
      "skipped": [],
      "duration": 0,
      "root": true,
      "rootEmpty": true,
      "_timeout": 2000
    }
  ],
  "meta": {
    "mocha": {
      "version": "7.0.1"
    },
    "mochawesome": {
      "options": {
        "quiet": false,
        "reportFilename": "mochawesome",
        "saveHtml": true,
        "saveJson": true,
        "consoleReporter": "spec",
        "useInlineDiffs": false,
        "code": true
      },
      "version": "7.0.1"
    },
    "marge": {
      "options": null,
      "version": "6.0.1"
    }
  }
}